# JRE version: OpenJDK Runtime Environment (8.0_212) (build 1.8.0_212-release-1586-b4-5784211)
# Java VM: OpenJDK 64-Bit Server VM (25.212-b4-5784211 mixed mode linux-amd64 compressed oops)
Heap:
 PSYoungGen      total 132096K, used 0K [0x00000000e0000000, 0x00000000ea580000, 0x0000000100000000)
  eden space 93696K, 0% used [0x00000000e0000000,0x00000000e0000000,0x00000000e5b80000)
  from space 38400K, 0% used [0x00000000e8000000,0x00000000e8000000,0x00000000ea580000)
  to   space 37376K, 0% used [0x00000000e5b80000,0x00000000e5b80000,0x00000000e8000000)
 ParOldGen       total 72704K, used 70500K [0x00000000a0000000, 0x00000000a4700000, 0x00000000e0000000)
  object space 72704K, 96% used [0x00000000a0000000,0x00000000a44d9320,0x00000000a4700000)
 Metaspace       used 89369K, capacity 93410K, committed 93952K, reserved 1130496K
  class space    used 12093K, capacity 12941K, committed 13056K, reserved 1048576K
GC Heap History (10 events):
Event: 239,243 GC heap after
Heap after GC invocations=43 (full 3):
 PSYoungGen      total 104960K, used 23456K [0x00000000e0000000, 0x00000000e8a00000, 0x0000000100000000)
  eden space 81408K, 0% used [0x00000000e0000000,0x00000000e0000000,0x00000000e4f80000)
  from space 23552K, 99% used [0x00000000e6a80000,0x00000000e8168210,0x00000000e8180000)
  to   space 27648K, 0% used [0x00000000e4f80000,0x00000000e4f80000,0x00000000e6a80000)
 ParOldGen       total 72704K, used 49646K [0x00000000a0000000, 0x00000000a4700000, 0x00000000e0000000)
  object space 72704K, 68% used [0x00000000a0000000,0x00000000a307ba60,0x00000000a4700000)
 Metaspace       used 77288K, capacity 80452K, committed 80512K, reserved 1118208K
  class space    used 10435K, capacity 11118K, committed 11136K, reserved 1048576K
}
Event: 250,957 GC heap before
{Heap before GC invocations=44 (full 3):
 PSYoungGen      total 104960K, used 104864K [0x00000000e0000000, 0x00000000e8a00000, 0x0000000100000000)
  eden space 81408K, 100% used [0x00000000e0000000,0x00000000e4f80000,0x00000000e4f80000)
  from space 23552K, 99% used [0x00000000e6a80000,0x00000000e8168210,0x00000000e8180000)
  to   space 27648K, 0% used [0x00000000e4f80000,0x00000000e4f80000,0x00000000e6a80000)
 ParOldGen       total 72704K, used 49646K [0x00000000a0000000, 0x00000000a4700000, 0x00000000e0000000)
  object space 72704K, 68% used [0x00000000a0000000,0x00000000a307ba60,0x00000000a4700000)
 Metaspace       used 78359K, capacity 81608K, committed 81664K, reserved 1120256K
  class space    used 10548K, capacity 11260K, committed 11264K, reserved 1048576K
Event: 251,012 GC heap after
Heap after GC invocations=44 (full 3):
 PSYoungGen      total 109056K, used 27625K [0x00000000e0000000, 0x00000000e9580000, 0x0000000100000000)
  eden space 81408K, 0% used [0x00000000e0000000,0x00000000e0000000,0x00000000e4f80000)
  from space 27648K, 99% used [0x00000000e4f80000,0x00000000e6a7a7a8,0x00000000e6a80000)
  to   space 32256K, 0% used [0x00000000e7600000,0x00000000e7600000,0x00000000e9580000)
 ParOldGen       total 72704K, used 49957K [0x00000000a0000000, 0x00000000a4700000, 0x00000000e0000000)
  object space 72704K, 68% used [0x00000000a0000000,0x00000000a30c9518,0x00000000a4700000)
 Metaspace       used 78359K, capacity 81608K, committed 81664K, reserved 1120256K
  class space    used 10548K, capacity 11260K, committed 11264K, reserved 1048576K
}
Event: 253,064 GC heap before
{Heap before GC invocations=45 (full 3):
 PSYoungGen      total 109056K, used 109033K [0x00000000e0000000, 0x00000000e9580000, 0x0000000100000000)
  eden space 81408K, 100% used [0x00000000e0000000,0x00000000e4f80000,0x00000000e4f80000)
  from space 27648K, 99% used [0x00000000e4f80000,0x00000000e6a7a7a8,0x00000000e6a80000)
  to   space 32256K, 0% used [0x00000000e7600000,0x00000000e7600000,0x00000000e9580000)
 ParOldGen       total 72704K, used 49957K [0x00000000a0000000, 0x00000000a4700000, 0x00000000e0000000)
  object space 72704K, 68% used [0x00000000a0000000,0x00000000a30c9518,0x00000000a4700000)
 Metaspace       used 84454K, capacity 88222K, committed 88320K, reserved 1126400K
  class space    used 11462K, capacity 12271K, committed 12288K, reserved 1048576K
Event: 253,160 GC heap after
Heap after GC invocations=45 (full 3):
 PSYoungGen      total 113664K, used 32236K [0x00000000e0000000, 0x00000000ea800000, 0x0000000100000000)
  eden space 81408K, 0% used [0x00000000e0000000,0x00000000e0000000,0x00000000e4f80000)
  from space 32256K, 99% used [0x00000000e7600000,0x00000000e957b000,0x00000000e9580000)
  to   space 39424K, 0% used [0x00000000e4f80000,0x00000000e4f80000,0x00000000e7600000)
 ParOldGen       total 72704K, used 56110K [0x00000000a0000000, 0x00000000a4700000, 0x00000000e0000000)
  object space 72704K, 77% used [0x00000000a0000000,0x00000000a36cba10,0x00000000a4700000)
 Metaspace       used 84454K, capacity 88222K, committed 88320K, reserved 1126400K
  class space    used 11462K, capacity 12271K, committed 12288K, reserved 1048576K
}
Event: 259,400 GC heap before
{Heap before GC invocations=46 (full 3):
 PSYoungGen      total 113664K, used 113644K [0x00000000e0000000, 0x00000000ea800000, 0x0000000100000000)
  eden space 81408K, 100% used [0x00000000e0000000,0x00000000e4f80000,0x00000000e4f80000)
  from space 32256K, 99% used [0x00000000e7600000,0x00000000e957b000,0x00000000e9580000)
  to   space 39424K, 0% used [0x00000000e4f80000,0x00000000e4f80000,0x00000000e7600000)
 ParOldGen       total 72704K, used 56110K [0x00000000a0000000, 0x00000000a4700000, 0x00000000e0000000)
  object space 72704K, 77% used [0x00000000a0000000,0x00000000a36cba10,0x00000000a4700000)
 Metaspace       used 86597K, capacity 90682K, committed 90880K, reserved 1128448K
  class space    used 11654K, capacity 12497K, committed 12544K, reserved 1048576K
Event: 259,499 GC heap after
Heap after GC invocations=46 (full 3):
 PSYoungGen      total 120832K, used 18273K [0x00000000e0000000, 0x00000000ea580000, 0x0000000100000000)
  eden space 81408K, 0% used [0x00000000e0000000,0x00000000e0000000,0x00000000e4f80000)
  from space 39424K, 46% used [0x00000000e4f80000,0x00000000e6158648,0x00000000e7600000)
  to   space 38400K, 0% used [0x00000000e8000000,0x00000000e8000000,0x00000000ea580000)
 ParOldGen       total 72704K, used 59526K [0x00000000a0000000, 0x00000000a4700000, 0x00000000e0000000)
  object space 72704K, 81% used [0x00000000a0000000,0x00000000a3a21808,0x00000000a4700000)
 Metaspace       used 86597K, capacity 90682K, committed 90880K, reserved 1128448K
  class space    used 11654K, capacity 12497K, committed 12544K, reserved 1048576K
}
Event: 347,730 GC heap before
{Heap before GC invocations=47 (full 3):
 PSYoungGen      total 120832K, used 99681K [0x00000000e0000000, 0x00000000ea580000, 0x0000000100000000)
  eden space 81408K, 100% used [0x00000000e0000000,0x00000000e4f80000,0x00000000e4f80000)
  from space 39424K, 46% used [0x00000000e4f80000,0x00000000e6158648,0x00000000e7600000)
  to   space 38400K, 0% used [0x00000000e8000000,0x00000000e8000000,0x00000000ea580000)
 ParOldGen       total 72704K, used 59526K [0x00000000a0000000, 0x00000000a4700000, 0x00000000e0000000)
  object space 72704K, 81% used [0x00000000a0000000,0x00000000a3a21808,0x00000000a4700000)
 Metaspace       used 89476K, capacity 93700K, committed 93952K, reserved 1130496K
  class space    used 12130K, capacity 13006K, committed 13056K, reserved 1048576K
Event: 352,952 GC heap after
Heap after GC invocations=47 (full 3):
 PSYoungGen      total 132096K, used 8960K [0x00000000e0000000, 0x00000000ea580000, 0x0000000100000000)
  eden space 93696K, 0% used [0x00000000e0000000,0x00000000e0000000,0x00000000e5b80000)
  from space 38400K, 23% used [0x00000000e8000000,0x00000000e88c01e8,0x00000000ea580000)
  to   space 37376K, 0% used [0x00000000e5b80000,0x00000000e5b80000,0x00000000e8000000)
 ParOldGen       total 72704K, used 70216K [0x00000000a0000000, 0x00000000a4700000, 0x00000000e0000000)
  object space 72704K, 96% used [0x00000000a0000000,0x00000000a44921c0,0x00000000a4700000)
 Metaspace       used 89476K, capacity 93700K, committed 93952K, reserved 1130496K
  class space    used 12130K, capacity 13006K, committed 13056K, reserved 1048576K
}
Event: 353,659 GC heap before
{Heap before GC invocations=48 (full 4):
 PSYoungGen      total 132096K, used 8960K [0x00000000e0000000, 0x00000000ea580000, 0x0000000100000000)
  eden space 93696K, 0% used [0x00000000e0000000,0x00000000e0000000,0x00000000e5b80000)
  from space 38400K, 23% used [0x00000000e8000000,0x00000000e88c01e8,0x00000000ea580000)
  to   space 37376K, 0% used [0x00000000e5b80000,0x00000000e5b80000,0x00000000e8000000)
 ParOldGen       total 72704K, used 70216K [0x00000000a0000000, 0x00000000a4700000, 0x00000000e0000000)
  object space 72704K, 96% used [0x00000000a0000000,0x00000000a44921c0,0x00000000a4700000)
 Metaspace       used 89476K, capacity 93700K, committed 93952K, reserved 1130496K
  class space    used 12130K, capacity 13006K, committed 13056K, reserved 1048576K

